2020-08-12 09:02:58	INFO	Server/main.go:27	Run
2020-08-12 09:02:58	INFO	dbMysql/dbMysqlHelper.go:19	mysql ready connect...
2020-08-12 09:03:47	INFO	Server/main.go:27	Run
2020-08-12 09:03:48	INFO	dbMysql/dbMysqlHelper.go:19	mysql ready connect...
2020-08-12 09:04:09	ERROR	dbMysql/dbMysqlHelper.go:45	Error 1064: You have an error in your SQL syntax; check the manual that corresponds to your MySQL server version for the right syntax to use near '? like ?' at line 1
2020-08-12 09:06:55	INFO	Server/main.go:27	Run
2020-08-12 09:06:55	INFO	dbMysql/dbMysqlHelper.go:19	mysql ready connect...
2020-08-12 09:07:10	ERROR	dbMysql/dbMysqlHelper.go:45	Error 1064: You have an error in your SQL syntax; check the manual that corresponds to your MySQL server version for the right syntax to use near '? LIKE ?' at line 1
2020-08-12 09:10:03	INFO	Server/main.go:27	Run
2020-08-12 09:10:03	INFO	dbMysql/dbMysqlHelper.go:19	mysql ready connect...
2020-08-12 09:13:23	INFO	Server/main.go:27	Run
2020-08-12 09:13:23	INFO	dbMysql/dbMysqlHelper.go:19	mysql ready connect...
2020-08-12 09:13:32	ERROR	dbMysql/dbMysqlHelper.go:49	Error 1064: You have an error in your SQL syntax; check the manual that corresponds to your MySQL server version for the right syntax to use near '? like ?' at line 1
2020-08-12 09:13:58	INFO	Server/main.go:27	Run
2020-08-12 09:13:59	INFO	dbMysql/dbMysqlHelper.go:19	mysql ready connect...
2020-08-12 09:14:01	ERROR	dbMysql/dbMysqlHelper.go:49	Error 1064: You have an error in your SQL syntax; check the manual that corresponds to your MySQL server version for the right syntax to use near '%s like %s' at line 1
2020-08-12 09:15:16	INFO	Server/main.go:27	Run
2020-08-12 09:15:16	INFO	dbMysql/dbMysqlHelper.go:19	mysql ready connect...
2020-08-12 09:16:43	INFO	Server/main.go:27	Run
2020-08-12 09:16:43	INFO	dbMysql/dbMysqlHelper.go:19	mysql ready connect...
2020-08-12 09:16:44	ERROR	dbMysql/dbMysqlHelper.go:50	Error 1050: Table 'gpsinfo202008' already exists
2020-08-12 09:17:12	INFO	Server/main.go:27	Run
2020-08-12 09:17:12	INFO	dbMysql/dbMysqlHelper.go:19	mysql ready connect...
2020-08-12 09:19:53	INFO	Server/main.go:27	Run
2020-08-12 09:19:53	INFO	dbMysql/dbMysqlHelper.go:19	mysql ready connect...
2020-08-12 14:34:25	INFO	Server/main.go:27	Run
2020-08-12 14:34:25	INFO	dbMysql/dbMysqlHelper.go:19	mysql ready connect...
2020-08-12 14:43:41	INFO	Server/main.go:27	Run
2020-08-12 14:45:34	INFO	Server/main.go:27	Run
2020-08-12 14:47:22	INFO	Server/main.go:27	Run
2020-08-12 14:47:22	INFO	dbMysql/dbMysqlHelper.go:19	mysql ready connect...
2020-08-12 14:47:56	INFO	Server/main.go:27	Run
2020-08-12 14:48:37	INFO	Server/main.go:27	Run
2020-08-12 14:53:22	INFO	Server/main.go:27	Run
2020-08-12 14:53:22	INFO	dbMysql/dbMysqlHelper.go:19	mysql ready connect...
2020-08-12 14:59:30	INFO	Server/main.go:28	Run
2020-08-12 14:59:51	INFO	dbMysql/dbMysqlHelper.go:19	mysql ready connect...
2020-08-12 14:59:51	ERROR	dbMysql/dbMysqlHelper.go:54	Error 1045: Access denied for user ''@'localhost' (using password: NO)
2020-08-12 15:00:43	INFO	Server/main.go:28	Run
2020-08-12 15:02:51	INFO	Server/main.go:27	Run
2020-08-12 15:05:18	INFO	Server/main.go:28	Run
2020-08-12 15:46:14	INFO	Server/main.go:28	Run
2020-08-12 15:46:14	INFO	dbMysql/dbMysqlHelper.go:19	mysql ready connect...
2020-08-12 15:50:36	INFO	Server/main.go:28	Run
2020-08-12 15:50:36	INFO	dbMysql/dbMysqlHelper.go:19	mysql ready connect...
2020-08-12 16:02:06	INFO	Server/main.go:28	Run
2020-08-12 16:02:06	INFO	dbMysql/dbMysqlHelper.go:19	mysql ready connect...
2020-08-12 16:02:26	ERROR	QDPort/receiveGpsInfoUdpServer.go:96	Error 1064: You have an error in your SQL syntax; check the manual that corresponds to your MySQL server version for the right syntax to use near '? values (?,?,?,?)' at line 1
2020-08-12 16:04:50	INFO	Server/main.go:28	Run
2020-08-12 16:04:51	INFO	dbMysql/dbMysqlHelper.go:19	mysql ready connect...
2020-08-12 16:05:15	ERROR	QDPort/receiveGpsInfoUdpServer.go:96	Error 1064: You have an error in your SQL syntax; check the manual that corresponds to your MySQL server version for the right syntax to use near '? value (?,?,?,?)' at line 1
2020-08-12 16:09:46	INFO	Server/main.go:28	Run
2020-08-12 16:09:46	INFO	dbMysql/dbMysqlHelper.go:19	mysql ready connect...
2020-08-12 16:10:11	ERROR	QDPort/receiveGpsInfoUdpServer.go:96	Error 1064: You have an error in your SQL syntax; check the manual that corresponds to your MySQL server version for the right syntax to use near '? (gpsid,lng,lat,t) value (?,?,?,?)' at line 1
2020-08-12 16:10:57	INFO	Server/main.go:28	Run
2020-08-12 16:10:58	INFO	dbMysql/dbMysqlHelper.go:19	mysql ready connect...
2020-08-12 16:11:01	ERROR	QDPort/receiveGpsInfoUdpServer.go:102	sql: expected 4 arguments, got 5
2020-08-12 16:14:43	INFO	Server/main.go:28	Run
2020-08-12 16:14:43	INFO	dbMysql/dbMysqlHelper.go:19	mysql ready connect...
2020-08-12 16:14:51	ERROR	QDPort/receiveGpsInfoUdpServer.go:99	Error 1064: You have an error in your SQL syntax; check the manual that corresponds to your MySQL server version for the right syntax to use near '%02d%02d value (%d,%v,%v,'%s')' at line 1
2020-08-12 16:15:31	INFO	Server/main.go:28	Run
2020-08-12 16:15:31	INFO	dbMysql/dbMysqlHelper.go:19	mysql ready connect...
2020-08-12 20:22:16	INFO	Server/main.go:28	Run
2020-08-12 20:22:16	INFO	dbMysql/dbMysqlHelper.go:19	mysql ready connect...
2020-08-12 20:22:52	INFO	QDPort/tcpServer.go:29	新Tcp连接 ==》 192.168.10.225:5198
