2020-08-18 22:20:47	INFO	Server/main.go:28	Run
2020-08-18 22:20:47	INFO	dbMysql/dbMysqlHelper.go:19	mysql ready connect...
2020-08-18 22:21:23	INFO	QDPort/tcpServer.go:34	新Tcp连接 ==》 192.168.10.225:11010
2020-08-18 22:21:23	ERROR	tileMapServer/httpServer.go:96	no such table: roadbiglabeltiles
2020-08-18 22:21:23	ERROR	tileMapServer/httpServer.go:96	no such table: roadbiglabeltiles
2020-08-18 22:21:23	ERROR	tileMapServer/httpServer.go:96	no such table: roadbiglabeltiles
2020-08-18 22:21:23	ERROR	tileMapServer/httpServer.go:96	no such table: roadbiglabeltiles
2020-08-18 22:21:23	ERROR	tileMapServer/httpServer.go:96	no such table: roadbiglabeltiles
2020-08-18 22:21:23	ERROR	tileMapServer/httpServer.go:96	no such table: roadbiglabeltiles
2020-08-18 22:21:23	ERROR	tileMapServer/httpServer.go:96	no such table: roadbiglabeltiles
2020-08-18 22:21:23	ERROR	tileMapServer/httpServer.go:96	no such table: roadbiglabeltiles
2020-08-18 22:21:23	ERROR	tileMapServer/httpServer.go:96	no such table: roadbiglabeltiles
2020-08-18 22:21:24	ERROR	tileMapServer/httpServer.go:96	no such table: roadbiglabeltiles
2020-08-18 22:21:24	ERROR	tileMapServer/httpServer.go:96	no such table: roadbiglabeltiles
2020-08-18 22:21:24	ERROR	tileMapServer/httpServer.go:96	no such table: roadbiglabeltiles
2020-08-18 22:21:24	ERROR	tileMapServer/httpServer.go:96	no such table: roadbiglabeltiles
2020-08-18 22:21:24	ERROR	tileMapServer/httpServer.go:96	no such table: roadbiglabeltiles
2020-08-18 22:21:24	ERROR	tileMapServer/httpServer.go:96	no such table: roadbiglabeltiles
2020-08-18 22:21:24	ERROR	tileMapServer/httpServer.go:96	no such table: roadbiglabeltiles
2020-08-18 22:21:24	ERROR	tileMapServer/httpServer.go:96	no such table: roadbiglabeltiles
2020-08-18 22:21:24	ERROR	tileMapServer/httpServer.go:96	no such table: roadbiglabeltiles
2020-08-18 22:21:24	ERROR	tileMapServer/httpServer.go:96	no such table: roadbiglabeltiles
2020-08-18 22:21:24	ERROR	tileMapServer/httpServer.go:96	no such table: roadbiglabeltiles
2020-08-18 22:21:24	ERROR	tileMapServer/httpServer.go:96	no such table: roadbiglabeltiles
2020-08-18 22:21:24	ERROR	tileMapServer/httpServer.go:96	no such table: roadbiglabeltiles
2020-08-18 22:21:24	ERROR	tileMapServer/httpServer.go:96	no such table: roadbiglabeltiles
2020-08-18 22:21:24	ERROR	tileMapServer/httpServer.go:96	no such table: roadbiglabeltiles
2020-08-18 22:21:25	ERROR	tileMapServer/httpServer.go:96	no such table: roadbiglabeltiles
2020-08-18 22:21:25	ERROR	tileMapServer/httpServer.go:96	no such table: roadbiglabeltiles
2020-08-18 22:21:25	ERROR	tileMapServer/httpServer.go:96	no such table: roadbiglabeltiles
2020-08-18 22:21:25	ERROR	tileMapServer/httpServer.go:96	no such table: roadbiglabeltiles
2020-08-18 22:21:25	ERROR	tileMapServer/httpServer.go:96	no such table: roadbiglabeltiles
2020-08-18 22:21:25	ERROR	tileMapServer/httpServer.go:96	no such table: roadbiglabeltiles
2020-08-18 22:21:25	ERROR	tileMapServer/httpServer.go:96	no such table: roadbiglabeltiles
2020-08-18 22:21:25	ERROR	tileMapServer/httpServer.go:96	no such table: roadbiglabeltiles
2020-08-18 22:21:25	ERROR	tileMapServer/httpServer.go:96	no such table: roadbiglabeltiles
2020-08-18 22:21:25	ERROR	tileMapServer/httpServer.go:96	no such table: roadbiglabeltiles
2020-08-18 22:21:25	ERROR	tileMapServer/httpServer.go:96	no such table: roadbiglabeltiles
2020-08-18 22:21:25	ERROR	tileMapServer/httpServer.go:96	no such table: roadbiglabeltiles
2020-08-18 22:21:25	ERROR	tileMapServer/httpServer.go:96	no such table: roadbiglabeltiles
2020-08-18 22:21:25	ERROR	tileMapServer/httpServer.go:96	no such table: roadbiglabeltiles
2020-08-18 22:21:25	ERROR	tileMapServer/httpServer.go:96	no such table: roadbiglabeltiles
2020-08-18 22:21:25	ERROR	tileMapServer/httpServer.go:96	no such table: roadbiglabeltiles
2020-08-18 22:21:25	ERROR	tileMapServer/httpServer.go:96	no such table: roadbiglabeltiles
2020-08-18 22:21:25	ERROR	tileMapServer/httpServer.go:96	no such table: roadbiglabeltiles
2020-08-18 22:21:25	ERROR	tileMapServer/httpServer.go:96	no such table: roadbiglabeltiles
2020-08-18 22:21:25	ERROR	tileMapServer/httpServer.go:96	no such table: roadbiglabeltiles
2020-08-18 22:21:25	ERROR	tileMapServer/httpServer.go:96	no such table: roadbiglabeltiles
2020-08-18 22:21:25	ERROR	tileMapServer/httpServer.go:96	no such table: roadbiglabeltiles
2020-08-18 22:21:25	ERROR	tileMapServer/httpServer.go:96	no such table: roadbiglabeltiles
2020-08-18 22:21:25	ERROR	tileMapServer/httpServer.go:96	no such table: roadbiglabeltiles
2020-08-18 22:21:25	ERROR	tileMapServer/httpServer.go:96	no such table: roadbiglabeltiles
2020-08-18 22:21:26	ERROR	tileMapServer/httpServer.go:96	no such table: roadbiglabeltiles
2020-08-18 22:21:26	ERROR	tileMapServer/httpServer.go:96	no such table: roadbiglabeltiles
2020-08-18 22:21:26	ERROR	tileMapServer/httpServer.go:96	no such table: roadbiglabeltiles
2020-08-18 22:21:26	ERROR	tileMapServer/httpServer.go:96	no such table: roadbiglabeltiles
2020-08-18 22:21:26	ERROR	tileMapServer/httpServer.go:96	no such table: roadbiglabeltiles
2020-08-18 22:21:26	ERROR	tileMapServer/httpServer.go:96	no such table: roadbiglabeltiles
2020-08-18 22:21:26	ERROR	tileMapServer/httpServer.go:96	no such table: roadbiglabeltiles
2020-08-18 22:21:26	ERROR	tileMapServer/httpServer.go:96	no such table: roadbiglabeltiles
2020-08-18 22:21:26	ERROR	tileMapServer/httpServer.go:96	no such table: roadbiglabeltiles
2020-08-18 22:21:26	ERROR	tileMapServer/httpServer.go:96	no such table: roadbiglabeltiles
2020-08-18 22:21:26	ERROR	tileMapServer/httpServer.go:96	no such table: roadbiglabeltiles
2020-08-18 22:21:26	ERROR	tileMapServer/httpServer.go:96	no such table: roadbiglabeltiles
2020-08-18 22:21:26	ERROR	tileMapServer/httpServer.go:96	no such table: roadbiglabeltiles
2020-08-18 22:21:26	ERROR	tileMapServer/httpServer.go:96	no such table: roadbiglabeltiles
2020-08-18 22:21:26	ERROR	tileMapServer/httpServer.go:96	no such table: roadbiglabeltiles
2020-08-18 22:21:26	ERROR	tileMapServer/httpServer.go:96	no such table: roadbiglabeltiles
2020-08-18 22:21:26	ERROR	tileMapServer/httpServer.go:96	no such table: roadbiglabeltiles
2020-08-18 22:21:26	ERROR	tileMapServer/httpServer.go:96	no such table: roadbiglabeltiles
2020-08-18 22:21:26	ERROR	tileMapServer/httpServer.go:96	no such table: roadbiglabeltiles
2020-08-18 22:21:26	ERROR	tileMapServer/httpServer.go:96	no such table: roadbiglabeltiles
2020-08-18 22:21:26	ERROR	tileMapServer/httpServer.go:96	no such table: roadbiglabeltiles
2020-08-18 22:21:26	ERROR	tileMapServer/httpServer.go:96	no such table: roadbiglabeltiles
2020-08-18 22:21:26	ERROR	tileMapServer/httpServer.go:96	no such table: roadbiglabeltiles
2020-08-18 22:21:26	ERROR	tileMapServer/httpServer.go:96	no such table: roadbiglabeltiles
2020-08-18 22:21:26	ERROR	tileMapServer/httpServer.go:96	no such table: roadbiglabeltiles
2020-08-18 22:21:27	ERROR	tileMapServer/httpServer.go:96	no such table: roadbiglabeltiles
2020-08-18 22:21:27	ERROR	tileMapServer/httpServer.go:96	no such table: roadbiglabeltiles
2020-08-18 22:21:27	ERROR	tileMapServer/httpServer.go:96	no such table: roadbiglabeltiles
2020-08-18 22:21:27	ERROR	tileMapServer/httpServer.go:96	no such table: roadbiglabeltiles
2020-08-18 22:21:27	ERROR	tileMapServer/httpServer.go:96	no such table: roadbiglabeltiles
2020-08-18 22:21:27	ERROR	tileMapServer/httpServer.go:96	no such table: roadbiglabeltiles
2020-08-18 22:21:27	ERROR	tileMapServer/httpServer.go:96	no such table: roadbiglabeltiles
2020-08-18 22:21:27	ERROR	tileMapServer/httpServer.go:96	no such table: roadbiglabeltiles
2020-08-18 22:21:27	ERROR	tileMapServer/httpServer.go:96	no such table: roadbiglabeltiles
2020-08-18 22:21:27	ERROR	tileMapServer/httpServer.go:96	no such table: roadbiglabeltiles
2020-08-18 22:21:27	ERROR	tileMapServer/httpServer.go:96	no such table: roadbiglabeltiles
2020-08-18 22:21:27	ERROR	tileMapServer/httpServer.go:96	no such table: roadbiglabeltiles
2020-08-18 22:21:27	ERROR	tileMapServer/httpServer.go:96	no such table: roadbiglabeltiles
2020-08-18 22:21:27	ERROR	tileMapServer/httpServer.go:96	no such table: roadbiglabeltiles
2020-08-18 22:21:27	ERROR	tileMapServer/httpServer.go:96	no such table: roadbiglabeltiles
2020-08-18 22:21:27	ERROR	tileMapServer/httpServer.go:96	no such table: roadbiglabeltiles
2020-08-18 22:21:27	ERROR	tileMapServer/httpServer.go:96	no such table: roadbiglabeltiles
2020-08-18 22:21:27	ERROR	tileMapServer/httpServer.go:96	no such table: roadbiglabeltiles
2020-08-18 22:21:27	ERROR	tileMapServer/httpServer.go:96	no such table: roadbiglabeltiles
2020-08-18 22:21:27	ERROR	tileMapServer/httpServer.go:96	no such table: roadbiglabeltiles
2020-08-18 22:21:28	ERROR	tileMapServer/httpServer.go:96	no such table: roadbiglabeltiles
2020-08-18 22:21:28	ERROR	tileMapServer/httpServer.go:96	no such table: roadbiglabeltiles
2020-08-18 22:21:28	ERROR	tileMapServer/httpServer.go:96	no such table: roadbiglabeltiles
2020-08-18 22:21:28	ERROR	tileMapServer/httpServer.go:96	no such table: roadbiglabeltiles
2020-08-18 22:21:28	ERROR	tileMapServer/httpServer.go:96	no such table: roadbiglabeltiles
2020-08-18 22:21:28	ERROR	tileMapServer/httpServer.go:96	no such table: roadbiglabeltiles
2020-08-18 22:21:28	ERROR	tileMapServer/httpServer.go:96	no such table: roadbiglabeltiles
2020-08-18 22:21:28	ERROR	tileMapServer/httpServer.go:96	no such table: roadbiglabeltiles
2020-08-18 22:21:28	ERROR	tileMapServer/httpServer.go:96	no such table: roadbiglabeltiles
2020-08-18 22:21:28	ERROR	tileMapServer/httpServer.go:96	no such table: roadbiglabeltiles
2020-08-18 22:21:28	ERROR	tileMapServer/httpServer.go:96	no such table: roadbiglabeltiles
2020-08-18 22:21:28	ERROR	tileMapServer/httpServer.go:96	no such table: roadbiglabeltiles
2020-08-18 22:21:28	ERROR	tileMapServer/httpServer.go:96	no such table: roadbiglabeltiles
2020-08-18 22:21:28	ERROR	tileMapServer/httpServer.go:96	no such table: roadbiglabeltiles
2020-08-18 22:21:28	ERROR	tileMapServer/httpServer.go:96	no such table: roadbiglabeltiles
2020-08-18 22:21:28	ERROR	tileMapServer/httpServer.go:96	no such table: roadbiglabeltiles
2020-08-18 22:21:28	ERROR	tileMapServer/httpServer.go:96	no such table: roadbiglabeltiles
2020-08-18 22:21:28	ERROR	tileMapServer/httpServer.go:96	no such table: roadbiglabeltiles
2020-08-18 22:21:28	ERROR	tileMapServer/httpServer.go:96	no such table: roadbiglabeltiles
2020-08-18 22:21:28	ERROR	tileMapServer/httpServer.go:96	no such table: roadbiglabeltiles
2020-08-18 22:21:28	ERROR	tileMapServer/httpServer.go:96	no such table: roadbiglabeltiles
2020-08-18 22:21:28	ERROR	tileMapServer/httpServer.go:96	no such table: roadbiglabeltiles
2020-08-18 22:21:28	ERROR	tileMapServer/httpServer.go:96	no such table: roadbiglabeltiles
2020-08-18 22:21:28	ERROR	tileMapServer/httpServer.go:96	no such table: roadbiglabeltiles
2020-08-18 22:21:28	ERROR	tileMapServer/httpServer.go:96	no such table: roadbiglabeltiles
2020-08-18 22:21:29	ERROR	tileMapServer/httpServer.go:96	no such table: roadbiglabeltiles
2020-08-18 22:21:29	ERROR	tileMapServer/httpServer.go:96	no such table: roadbiglabeltiles
2020-08-18 22:21:29	ERROR	tileMapServer/httpServer.go:96	no such table: roadbiglabeltiles
2020-08-18 22:21:29	ERROR	tileMapServer/httpServer.go:96	no such table: roadbiglabeltiles
2020-08-18 22:21:29	ERROR	tileMapServer/httpServer.go:96	no such table: roadbiglabeltiles
2020-08-18 22:21:29	ERROR	tileMapServer/httpServer.go:96	no such table: roadbiglabeltiles
2020-08-18 22:21:29	ERROR	tileMapServer/httpServer.go:96	no such table: roadbiglabeltiles
2020-08-18 22:21:29	ERROR	tileMapServer/httpServer.go:96	no such table: roadbiglabeltiles
2020-08-18 22:21:29	ERROR	tileMapServer/httpServer.go:96	no such table: roadbiglabeltiles
2020-08-18 22:21:29	ERROR	tileMapServer/httpServer.go:96	no such table: roadbiglabeltiles
2020-08-18 22:21:29	ERROR	tileMapServer/httpServer.go:96	no such table: roadbiglabeltiles
2020-08-18 22:21:29	ERROR	tileMapServer/httpServer.go:96	no such table: roadbiglabeltiles
2020-08-18 22:21:29	ERROR	tileMapServer/httpServer.go:96	no such table: roadbiglabeltiles
2020-08-18 22:21:29	ERROR	tileMapServer/httpServer.go:96	no such table: roadbiglabeltiles
2020-08-18 22:21:29	ERROR	tileMapServer/httpServer.go:96	no such table: roadbiglabeltiles
2020-08-18 22:21:29	ERROR	tileMapServer/httpServer.go:96	no such table: roadbiglabeltiles
2020-08-18 22:21:29	ERROR	tileMapServer/httpServer.go:96	no such table: roadbiglabeltiles
2020-08-18 22:21:29	ERROR	tileMapServer/httpServer.go:96	no such table: roadbiglabeltiles
2020-08-18 22:21:29	ERROR	tileMapServer/httpServer.go:96	no such table: roadbiglabeltiles
2020-08-18 22:21:29	ERROR	tileMapServer/httpServer.go:96	no such table: roadbiglabeltiles
2020-08-18 22:21:29	ERROR	tileMapServer/httpServer.go:96	no such table: roadbiglabeltiles
2020-08-18 22:21:29	ERROR	tileMapServer/httpServer.go:96	no such table: roadbiglabeltiles
2020-08-18 22:21:29	ERROR	tileMapServer/httpServer.go:96	no such table: roadbiglabeltiles
2020-08-18 22:21:29	ERROR	tileMapServer/httpServer.go:96	no such table: roadbiglabeltiles
2020-08-18 22:21:29	ERROR	tileMapServer/httpServer.go:96	no such table: roadbiglabeltiles
2020-08-18 22:21:30	ERROR	tileMapServer/httpServer.go:96	no such table: roadbiglabeltiles
2020-08-18 22:21:30	ERROR	tileMapServer/httpServer.go:96	no such table: roadbiglabeltiles
2020-08-18 22:21:30	ERROR	tileMapServer/httpServer.go:96	no such table: roadbiglabeltiles
2020-08-18 22:21:30	ERROR	tileMapServer/httpServer.go:96	no such table: roadbiglabeltiles
2020-08-18 22:21:30	ERROR	tileMapServer/httpServer.go:96	no such table: roadbiglabeltiles
2020-08-18 22:21:30	ERROR	tileMapServer/httpServer.go:96	no such table: roadbiglabeltiles
2020-08-18 22:21:30	ERROR	tileMapServer/httpServer.go:96	no such table: roadbiglabeltiles
2020-08-18 22:21:30	ERROR	tileMapServer/httpServer.go:96	no such table: roadbiglabeltiles
2020-08-18 22:21:30	ERROR	tileMapServer/httpServer.go:96	no such table: roadbiglabeltiles
2020-08-18 22:21:30	ERROR	tileMapServer/httpServer.go:96	no such table: roadbiglabeltiles
2020-08-18 22:21:30	ERROR	tileMapServer/httpServer.go:96	no such table: roadbiglabeltiles
2020-08-18 22:21:30	ERROR	tileMapServer/httpServer.go:96	no such table: roadbiglabeltiles
2020-08-18 22:21:30	ERROR	tileMapServer/httpServer.go:96	no such table: roadbiglabeltiles
2020-08-18 22:21:30	ERROR	tileMapServer/httpServer.go:96	no such table: roadbiglabeltiles
2020-08-18 22:21:30	ERROR	tileMapServer/httpServer.go:96	no such table: roadbiglabeltiles
2020-08-18 22:21:30	ERROR	tileMapServer/httpServer.go:96	no such table: roadbiglabeltiles
2020-08-18 22:21:30	ERROR	tileMapServer/httpServer.go:96	no such table: roadbiglabeltiles
2020-08-18 22:21:30	ERROR	tileMapServer/httpServer.go:96	no such table: roadbiglabeltiles
2020-08-18 22:21:30	ERROR	tileMapServer/httpServer.go:96	no such table: roadbiglabeltiles
2020-08-18 22:21:30	ERROR	tileMapServer/httpServer.go:96	no such table: roadbiglabeltiles
2020-08-18 22:21:30	ERROR	tileMapServer/httpServer.go:96	no such table: roadbiglabeltiles
2020-08-18 22:21:30	ERROR	tileMapServer/httpServer.go:96	no such table: roadbiglabeltiles
2020-08-18 22:21:30	ERROR	tileMapServer/httpServer.go:96	no such table: roadbiglabeltiles
2020-08-18 22:21:30	ERROR	tileMapServer/httpServer.go:96	no such table: roadbiglabeltiles
2020-08-18 22:21:30	ERROR	tileMapServer/httpServer.go:96	no such table: roadbiglabeltiles
2020-08-18 22:21:31	ERROR	tileMapServer/httpServer.go:96	no such table: roadbiglabeltiles
2020-08-18 22:21:31	ERROR	tileMapServer/httpServer.go:96	no such table: roadbiglabeltiles
2020-08-18 22:21:31	ERROR	tileMapServer/httpServer.go:96	no such table: roadbiglabeltiles
2020-08-18 22:21:31	ERROR	tileMapServer/httpServer.go:96	no such table: roadbiglabeltiles
2020-08-18 22:21:31	ERROR	tileMapServer/httpServer.go:96	no such table: roadbiglabeltiles
2020-08-18 22:21:31	ERROR	tileMapServer/httpServer.go:96	no such table: roadbiglabeltiles
2020-08-18 22:21:31	ERROR	tileMapServer/httpServer.go:96	no such table: roadbiglabeltiles
2020-08-18 22:21:31	ERROR	tileMapServer/httpServer.go:96	no such table: roadbiglabeltiles
2020-08-18 22:21:31	ERROR	tileMapServer/httpServer.go:96	no such table: roadbiglabeltiles
2020-08-18 22:21:31	ERROR	tileMapServer/httpServer.go:96	no such table: roadbiglabeltiles
2020-08-18 22:21:31	ERROR	tileMapServer/httpServer.go:96	no such table: roadbiglabeltiles
2020-08-18 22:21:31	ERROR	tileMapServer/httpServer.go:96	no such table: roadbiglabeltiles
2020-08-18 22:21:31	ERROR	tileMapServer/httpServer.go:96	no such table: roadbiglabeltiles
2020-08-18 22:21:31	ERROR	tileMapServer/httpServer.go:96	no such table: roadbiglabeltiles
2020-08-18 22:21:31	ERROR	tileMapServer/httpServer.go:96	no such table: roadbiglabeltiles
2020-08-18 22:21:31	ERROR	tileMapServer/httpServer.go:96	no such table: roadbiglabeltiles
2020-08-18 22:21:31	ERROR	tileMapServer/httpServer.go:96	no such table: roadbiglabeltiles
2020-08-18 22:21:31	ERROR	tileMapServer/httpServer.go:96	no such table: roadbiglabeltiles
2020-08-18 22:21:31	ERROR	tileMapServer/httpServer.go:96	no such table: roadbiglabeltiles
2020-08-18 22:21:31	ERROR	tileMapServer/httpServer.go:96	no such table: roadbiglabeltiles
2020-08-18 22:21:31	ERROR	tileMapServer/httpServer.go:96	no such table: roadbiglabeltiles
2020-08-18 22:21:31	ERROR	tileMapServer/httpServer.go:96	no such table: roadbiglabeltiles
2020-08-18 22:21:31	ERROR	tileMapServer/httpServer.go:96	no such table: roadbiglabeltiles
2020-08-18 22:21:31	ERROR	tileMapServer/httpServer.go:96	no such table: roadbiglabeltiles
2020-08-18 22:21:31	ERROR	tileMapServer/httpServer.go:96	no such table: roadbiglabeltiles
2020-08-18 22:21:32	ERROR	tileMapServer/httpServer.go:96	no such table: roadbiglabeltiles
2020-08-18 22:21:32	ERROR	tileMapServer/httpServer.go:96	no such table: roadbiglabeltiles
2020-08-18 22:21:32	ERROR	tileMapServer/httpServer.go:96	no such table: roadbiglabeltiles
2020-08-18 22:21:32	ERROR	tileMapServer/httpServer.go:96	no such table: roadbiglabeltiles
2020-08-18 22:21:32	ERROR	tileMapServer/httpServer.go:96	no such table: roadbiglabeltiles
2020-08-18 22:21:32	ERROR	tileMapServer/httpServer.go:96	no such table: roadbiglabeltiles
2020-08-18 22:21:32	ERROR	tileMapServer/httpServer.go:96	no such table: roadbiglabeltiles
2020-08-18 22:21:32	ERROR	tileMapServer/httpServer.go:96	no such table: roadbiglabeltiles
2020-08-18 22:21:32	ERROR	tileMapServer/httpServer.go:96	no such table: roadbiglabeltiles
2020-08-18 22:21:32	ERROR	tileMapServer/httpServer.go:96	no such table: roadbiglabeltiles
2020-08-18 22:21:32	ERROR	tileMapServer/httpServer.go:96	no such table: roadbiglabeltiles
2020-08-18 22:21:32	ERROR	tileMapServer/httpServer.go:96	no such table: roadbiglabeltiles
2020-08-18 22:21:32	ERROR	tileMapServer/httpServer.go:96	no such table: roadbiglabeltiles
2020-08-18 22:21:32	ERROR	tileMapServer/httpServer.go:96	no such table: roadbiglabeltiles
2020-08-18 22:21:32	ERROR	tileMapServer/httpServer.go:96	no such table: roadbiglabeltiles
2020-08-18 22:21:32	ERROR	tileMapServer/httpServer.go:96	no such table: roadbiglabeltiles
2020-08-18 22:21:32	ERROR	tileMapServer/httpServer.go:96	no such table: roadbiglabeltiles
2020-08-18 22:21:32	ERROR	tileMapServer/httpServer.go:96	no such table: roadbiglabeltiles
2020-08-18 22:21:32	ERROR	tileMapServer/httpServer.go:96	no such table: roadbiglabeltiles
2020-08-18 22:21:32	ERROR	tileMapServer/httpServer.go:96	no such table: roadbiglabeltiles
2020-08-18 22:21:36	WARN	QDPort/tcpServer.go:66	EOF
2020-08-18 22:21:36	WARN	QDPort/tcpServer.go:55	close tcp connect :192.168.10.225:11010
2020-08-18 22:21:38	INFO	QDPort/tcpServer.go:34	新Tcp连接 ==》 192.168.10.225:11052
2020-08-18 22:21:38	ERROR	tileMapServer/httpServer.go:96	no such table: roadbiglabeltiles
2020-08-18 22:21:38	ERROR	tileMapServer/httpServer.go:96	no such table: roadbiglabeltiles
2020-08-18 22:21:38	ERROR	tileMapServer/httpServer.go:96	no such table: roadbiglabeltiles
2020-08-18 22:21:38	ERROR	tileMapServer/httpServer.go:96	no such table: roadbiglabeltiles
2020-08-18 22:21:38	ERROR	tileMapServer/httpServer.go:96	no such table: roadbiglabeltiles
2020-08-18 22:21:38	ERROR	tileMapServer/httpServer.go:96	no such table: roadbiglabeltiles
2020-08-18 22:21:38	ERROR	tileMapServer/httpServer.go:96	no such table: roadbiglabeltiles
2020-08-18 22:21:38	ERROR	tileMapServer/httpServer.go:96	no such table: roadbiglabeltiles
2020-08-18 22:21:38	ERROR	tileMapServer/httpServer.go:96	no such table: roadbiglabeltiles
2020-08-18 22:21:39	ERROR	tileMapServer/httpServer.go:96	no such table: roadbiglabeltiles
2020-08-18 22:21:39	ERROR	tileMapServer/httpServer.go:96	no such table: roadbiglabeltiles
2020-08-18 22:21:39	ERROR	tileMapServer/httpServer.go:96	no such table: roadbiglabeltiles
2020-08-18 22:21:39	ERROR	tileMapServer/httpServer.go:96	no such table: roadbiglabeltiles
2020-08-18 22:21:39	ERROR	tileMapServer/httpServer.go:96	no such table: roadbiglabeltiles
2020-08-18 22:21:39	ERROR	tileMapServer/httpServer.go:96	no such table: roadbiglabeltiles
2020-08-18 22:21:39	ERROR	tileMapServer/httpServer.go:96	no such table: roadbiglabeltiles
2020-08-18 22:21:39	ERROR	tileMapServer/httpServer.go:96	no such table: roadbiglabeltiles
2020-08-18 22:21:39	ERROR	tileMapServer/httpServer.go:96	no such table: roadbiglabeltiles
2020-08-18 22:21:39	ERROR	tileMapServer/httpServer.go:96	no such table: roadbiglabeltiles
2020-08-18 22:21:39	ERROR	tileMapServer/httpServer.go:96	no such table: roadbiglabeltiles
2020-08-18 22:21:39	ERROR	tileMapServer/httpServer.go:96	no such table: roadbiglabeltiles
2020-08-18 22:21:39	ERROR	tileMapServer/httpServer.go:96	no such table: roadbiglabeltiles
2020-08-18 22:21:39	ERROR	tileMapServer/httpServer.go:96	no such table: roadbiglabeltiles
2020-08-18 22:21:39	ERROR	tileMapServer/httpServer.go:96	no such table: roadbiglabeltiles
2020-08-18 22:21:39	ERROR	tileMapServer/httpServer.go:96	no such table: roadbiglabeltiles
2020-08-18 22:21:39	ERROR	tileMapServer/httpServer.go:96	no such table: roadbiglabeltiles
2020-08-18 22:21:39	ERROR	tileMapServer/httpServer.go:96	no such table: roadbiglabeltiles
2020-08-18 22:21:39	ERROR	tileMapServer/httpServer.go:96	no such table: roadbiglabeltiles
2020-08-18 22:21:39	ERROR	tileMapServer/httpServer.go:96	no such table: roadbiglabeltiles
2020-08-18 22:21:39	ERROR	tileMapServer/httpServer.go:96	no such table: roadbiglabeltiles
2020-08-18 22:21:39	ERROR	tileMapServer/httpServer.go:96	no such table: roadbiglabeltiles
2020-08-18 22:21:39	ERROR	tileMapServer/httpServer.go:96	no such table: roadbiglabeltiles
2020-08-18 22:21:39	ERROR	tileMapServer/httpServer.go:96	no such table: roadbiglabeltiles
2020-08-18 22:21:39	ERROR	tileMapServer/httpServer.go:96	no such table: roadbiglabeltiles
2020-08-18 22:21:40	ERROR	tileMapServer/httpServer.go:96	no such table: roadbiglabeltiles
2020-08-18 22:21:40	ERROR	tileMapServer/httpServer.go:96	no such table: roadbiglabeltiles
2020-08-18 22:21:40	ERROR	tileMapServer/httpServer.go:96	no such table: roadbiglabeltiles
2020-08-18 22:21:40	ERROR	tileMapServer/httpServer.go:96	no such table: roadbiglabeltiles
2020-08-18 22:21:40	ERROR	tileMapServer/httpServer.go:96	no such table: roadbiglabeltiles
2020-08-18 22:21:40	ERROR	tileMapServer/httpServer.go:96	no such table: roadbiglabeltiles
2020-08-18 22:21:40	ERROR	tileMapServer/httpServer.go:96	no such table: roadbiglabeltiles
2020-08-18 22:21:40	ERROR	tileMapServer/httpServer.go:96	no such table: roadbiglabeltiles
2020-08-18 22:21:40	ERROR	tileMapServer/httpServer.go:96	no such table: roadbiglabeltiles
2020-08-18 22:21:40	ERROR	tileMapServer/httpServer.go:96	no such table: roadbiglabeltiles
2020-08-18 22:21:40	ERROR	tileMapServer/httpServer.go:96	no such table: roadbiglabeltiles
2020-08-18 22:21:40	ERROR	tileMapServer/httpServer.go:96	no such table: roadbiglabeltiles
2020-08-18 22:21:40	ERROR	tileMapServer/httpServer.go:96	no such table: roadbiglabeltiles
2020-08-18 22:21:40	ERROR	tileMapServer/httpServer.go:96	no such table: roadbiglabeltiles
2020-08-18 22:21:40	ERROR	tileMapServer/httpServer.go:96	no such table: roadbiglabeltiles
2020-08-18 22:21:40	ERROR	tileMapServer/httpServer.go:96	no such table: roadbiglabeltiles
2020-08-18 22:21:40	ERROR	tileMapServer/httpServer.go:96	no such table: roadbiglabeltiles
2020-08-18 22:21:40	ERROR	tileMapServer/httpServer.go:96	no such table: roadbiglabeltiles
2020-08-18 22:21:40	ERROR	tileMapServer/httpServer.go:96	no such table: roadbiglabeltiles
2020-08-18 22:21:40	ERROR	tileMapServer/httpServer.go:96	no such table: roadbiglabeltiles
2020-08-18 22:21:40	ERROR	tileMapServer/httpServer.go:96	no such table: roadbiglabeltiles
2020-08-18 22:21:40	ERROR	tileMapServer/httpServer.go:96	no such table: roadbiglabeltiles
2020-08-18 22:21:40	ERROR	tileMapServer/httpServer.go:96	no such table: roadbiglabeltiles
2020-08-18 22:21:40	ERROR	tileMapServer/httpServer.go:96	no such table: roadbiglabeltiles
2020-08-18 22:21:40	ERROR	tileMapServer/httpServer.go:96	no such table: roadbiglabeltiles
2020-08-18 22:21:41	ERROR	tileMapServer/httpServer.go:96	no such table: roadbiglabeltiles
2020-08-18 22:21:41	ERROR	tileMapServer/httpServer.go:96	no such table: roadbiglabeltiles
2020-08-18 22:21:41	ERROR	tileMapServer/httpServer.go:96	no such table: roadbiglabeltiles
2020-08-18 22:21:41	ERROR	tileMapServer/httpServer.go:96	no such table: roadbiglabeltiles
2020-08-18 22:21:41	ERROR	tileMapServer/httpServer.go:96	no such table: roadbiglabeltiles
2020-08-18 22:21:41	ERROR	tileMapServer/httpServer.go:96	no such table: roadbiglabeltiles
2020-08-18 22:21:41	ERROR	tileMapServer/httpServer.go:96	no such table: roadbiglabeltiles
2020-08-18 22:21:41	ERROR	tileMapServer/httpServer.go:96	no such table: roadbiglabeltiles
2020-08-18 22:21:41	ERROR	tileMapServer/httpServer.go:96	no such table: roadbiglabeltiles
2020-08-18 22:21:41	ERROR	tileMapServer/httpServer.go:96	no such table: roadbiglabeltiles
2020-08-18 22:21:41	ERROR	tileMapServer/httpServer.go:96	no such table: roadbiglabeltiles
2020-08-18 22:21:41	ERROR	tileMapServer/httpServer.go:96	no such table: roadbiglabeltiles
2020-08-18 22:21:41	ERROR	tileMapServer/httpServer.go:96	no such table: roadbiglabeltiles
2020-08-18 22:21:41	ERROR	tileMapServer/httpServer.go:96	no such table: roadbiglabeltiles
2020-08-18 22:21:41	ERROR	tileMapServer/httpServer.go:96	no such table: roadbiglabeltiles
2020-08-18 22:21:41	ERROR	tileMapServer/httpServer.go:96	no such table: roadbiglabeltiles
2020-08-18 22:21:41	ERROR	tileMapServer/httpServer.go:96	no such table: roadbiglabeltiles
2020-08-18 22:21:41	ERROR	tileMapServer/httpServer.go:96	no such table: roadbiglabeltiles
2020-08-18 22:21:41	ERROR	tileMapServer/httpServer.go:96	no such table: roadbiglabeltiles
2020-08-18 22:21:41	ERROR	tileMapServer/httpServer.go:96	no such table: roadbiglabeltiles
2020-08-18 22:21:42	ERROR	tileMapServer/httpServer.go:96	no such table: roadbiglabeltiles
2020-08-18 22:21:42	ERROR	tileMapServer/httpServer.go:96	no such table: roadbiglabeltiles
2020-08-18 22:21:42	ERROR	tileMapServer/httpServer.go:96	no such table: roadbiglabeltiles
2020-08-18 22:21:42	ERROR	tileMapServer/httpServer.go:96	no such table: roadbiglabeltiles
2020-08-18 22:21:42	ERROR	tileMapServer/httpServer.go:96	no such table: roadbiglabeltiles
2020-08-18 22:21:42	ERROR	tileMapServer/httpServer.go:96	no such table: roadbiglabeltiles
2020-08-18 22:21:42	ERROR	tileMapServer/httpServer.go:96	no such table: roadbiglabeltiles
2020-08-18 22:21:42	ERROR	tileMapServer/httpServer.go:96	no such table: roadbiglabeltiles
2020-08-18 22:21:42	ERROR	tileMapServer/httpServer.go:96	no such table: roadbiglabeltiles
2020-08-18 22:21:42	ERROR	tileMapServer/httpServer.go:96	no such table: roadbiglabeltiles
2020-08-18 22:21:42	ERROR	tileMapServer/httpServer.go:96	no such table: roadbiglabeltiles
2020-08-18 22:21:42	ERROR	tileMapServer/httpServer.go:96	no such table: roadbiglabeltiles
2020-08-18 22:21:42	ERROR	tileMapServer/httpServer.go:96	no such table: roadbiglabeltiles
2020-08-18 22:21:42	ERROR	tileMapServer/httpServer.go:96	no such table: roadbiglabeltiles
2020-08-18 22:21:42	ERROR	tileMapServer/httpServer.go:96	no such table: roadbiglabeltiles
2020-08-18 22:21:42	ERROR	tileMapServer/httpServer.go:96	no such table: roadbiglabeltiles
2020-08-18 22:21:42	ERROR	tileMapServer/httpServer.go:96	no such table: roadbiglabeltiles
2020-08-18 22:21:42	ERROR	tileMapServer/httpServer.go:96	no such table: roadbiglabeltiles
2020-08-18 22:21:42	ERROR	tileMapServer/httpServer.go:96	no such table: roadbiglabeltiles
2020-08-18 22:21:42	ERROR	tileMapServer/httpServer.go:96	no such table: roadbiglabeltiles
2020-08-18 22:21:42	ERROR	tileMapServer/httpServer.go:96	no such table: roadbiglabeltiles
2020-08-18 22:21:42	ERROR	tileMapServer/httpServer.go:96	no such table: roadbiglabeltiles
2020-08-18 22:21:42	ERROR	tileMapServer/httpServer.go:96	no such table: roadbiglabeltiles
2020-08-18 22:21:42	ERROR	tileMapServer/httpServer.go:96	no such table: roadbiglabeltiles
2020-08-18 22:21:42	ERROR	tileMapServer/httpServer.go:96	no such table: roadbiglabeltiles
2020-08-18 22:21:43	ERROR	tileMapServer/httpServer.go:96	no such table: roadbiglabeltiles
2020-08-18 22:21:43	ERROR	tileMapServer/httpServer.go:96	no such table: roadbiglabeltiles
2020-08-18 22:21:43	ERROR	tileMapServer/httpServer.go:96	no such table: roadbiglabeltiles
2020-08-18 22:21:43	ERROR	tileMapServer/httpServer.go:96	no such table: roadbiglabeltiles
2020-08-18 22:21:43	ERROR	tileMapServer/httpServer.go:96	no such table: roadbiglabeltiles
2020-08-18 22:21:43	ERROR	tileMapServer/httpServer.go:96	no such table: roadbiglabeltiles
2020-08-18 22:21:43	ERROR	tileMapServer/httpServer.go:96	no such table: roadbiglabeltiles
2020-08-18 22:21:43	ERROR	tileMapServer/httpServer.go:96	no such table: roadbiglabeltiles
2020-08-18 22:21:43	ERROR	tileMapServer/httpServer.go:96	no such table: roadbiglabeltiles
2020-08-18 22:21:43	ERROR	tileMapServer/httpServer.go:96	no such table: roadbiglabeltiles
2020-08-18 22:21:43	ERROR	tileMapServer/httpServer.go:96	no such table: roadbiglabeltiles
2020-08-18 22:21:43	ERROR	tileMapServer/httpServer.go:96	no such table: roadbiglabeltiles
2020-08-18 22:21:43	ERROR	tileMapServer/httpServer.go:96	no such table: roadbiglabeltiles
2020-08-18 22:21:43	ERROR	tileMapServer/httpServer.go:96	no such table: roadbiglabeltiles
2020-08-18 22:21:43	ERROR	tileMapServer/httpServer.go:96	no such table: roadbiglabeltiles
2020-08-18 22:21:43	ERROR	tileMapServer/httpServer.go:96	no such table: roadbiglabeltiles
2020-08-18 22:21:43	ERROR	tileMapServer/httpServer.go:96	no such table: roadbiglabeltiles
2020-08-18 22:21:43	ERROR	tileMapServer/httpServer.go:96	no such table: roadbiglabeltiles
2020-08-18 22:21:43	ERROR	tileMapServer/httpServer.go:96	no such table: roadbiglabeltiles
2020-08-18 22:21:43	ERROR	tileMapServer/httpServer.go:96	no such table: roadbiglabeltiles
2020-08-18 22:21:43	ERROR	tileMapServer/httpServer.go:96	no such table: roadbiglabeltiles
2020-08-18 22:21:43	ERROR	tileMapServer/httpServer.go:96	no such table: roadbiglabeltiles
2020-08-18 22:21:43	ERROR	tileMapServer/httpServer.go:96	no such table: roadbiglabeltiles
2020-08-18 22:21:43	ERROR	tileMapServer/httpServer.go:96	no such table: roadbiglabeltiles
2020-08-18 22:21:43	ERROR	tileMapServer/httpServer.go:96	no such table: roadbiglabeltiles
2020-08-18 22:21:44	ERROR	tileMapServer/httpServer.go:96	no such table: roadbiglabeltiles
2020-08-18 22:21:44	ERROR	tileMapServer/httpServer.go:96	no such table: roadbiglabeltiles
2020-08-18 22:21:44	ERROR	tileMapServer/httpServer.go:96	no such table: roadbiglabeltiles
2020-08-18 22:21:44	ERROR	tileMapServer/httpServer.go:96	no such table: roadbiglabeltiles
2020-08-18 22:21:44	ERROR	tileMapServer/httpServer.go:96	no such table: roadbiglabeltiles
2020-08-18 22:21:44	ERROR	tileMapServer/httpServer.go:96	no such table: roadbiglabeltiles
2020-08-18 22:21:44	ERROR	tileMapServer/httpServer.go:96	no such table: roadbiglabeltiles
2020-08-18 22:21:44	ERROR	tileMapServer/httpServer.go:96	no such table: roadbiglabeltiles
2020-08-18 22:21:44	ERROR	tileMapServer/httpServer.go:96	no such table: roadbiglabeltiles
2020-08-18 22:21:44	ERROR	tileMapServer/httpServer.go:96	no such table: roadbiglabeltiles
2020-08-18 22:21:44	ERROR	tileMapServer/httpServer.go:96	no such table: roadbiglabeltiles
2020-08-18 22:21:44	ERROR	tileMapServer/httpServer.go:96	no such table: roadbiglabeltiles
2020-08-18 22:21:44	ERROR	tileMapServer/httpServer.go:96	no such table: roadbiglabeltiles
2020-08-18 22:21:44	ERROR	tileMapServer/httpServer.go:96	no such table: roadbiglabeltiles
2020-08-18 22:21:44	ERROR	tileMapServer/httpServer.go:96	no such table: roadbiglabeltiles
2020-08-18 22:21:44	ERROR	tileMapServer/httpServer.go:96	no such table: roadbiglabeltiles
2020-08-18 22:21:44	ERROR	tileMapServer/httpServer.go:96	no such table: roadbiglabeltiles
2020-08-18 22:21:44	ERROR	tileMapServer/httpServer.go:96	no such table: roadbiglabeltiles
2020-08-18 22:21:44	ERROR	tileMapServer/httpServer.go:96	no such table: roadbiglabeltiles
2020-08-18 22:21:44	ERROR	tileMapServer/httpServer.go:96	no such table: roadbiglabeltiles
2020-08-18 22:22:05	WARN	QDPort/tcpServer.go:66	EOF
2020-08-18 22:22:05	WARN	QDPort/tcpServer.go:55	close tcp connect :192.168.10.225:11052
2020-08-18 22:22:07	INFO	QDPort/tcpServer.go:34	新Tcp连接 ==》 192.168.10.225:11157
2020-08-18 22:22:08	ERROR	tileMapServer/httpServer.go:96	no such table: roadbiglabeltiles
2020-08-18 22:22:08	ERROR	tileMapServer/httpServer.go:96	no such table: roadbiglabeltiles
2020-08-18 22:22:08	ERROR	tileMapServer/httpServer.go:96	no such table: roadbiglabeltiles
2020-08-18 22:22:08	ERROR	tileMapServer/httpServer.go:96	no such table: roadbiglabeltiles
2020-08-18 22:22:08	ERROR	tileMapServer/httpServer.go:96	no such table: roadbiglabeltiles
2020-08-18 22:22:08	ERROR	tileMapServer/httpServer.go:96	no such table: roadbiglabeltiles
2020-08-18 22:22:08	ERROR	tileMapServer/httpServer.go:96	no such table: roadbiglabeltiles
2020-08-18 22:22:08	ERROR	tileMapServer/httpServer.go:96	no such table: roadbiglabeltiles
2020-08-18 22:22:08	ERROR	tileMapServer/httpServer.go:96	no such table: roadbiglabeltiles
2020-08-18 22:22:08	ERROR	tileMapServer/httpServer.go:96	no such table: roadbiglabeltiles
2020-08-18 22:22:08	ERROR	tileMapServer/httpServer.go:96	no such table: roadbiglabeltiles
2020-08-18 22:22:08	ERROR	tileMapServer/httpServer.go:96	no such table: roadbiglabeltiles
2020-08-18 22:22:08	ERROR	tileMapServer/httpServer.go:96	no such table: roadbiglabeltiles
2020-08-18 22:22:08	ERROR	tileMapServer/httpServer.go:96	no such table: roadbiglabeltiles
2020-08-18 22:22:08	ERROR	tileMapServer/httpServer.go:96	no such table: roadbiglabeltiles
2020-08-18 22:22:08	ERROR	tileMapServer/httpServer.go:96	no such table: roadbiglabeltiles
2020-08-18 22:22:08	ERROR	tileMapServer/httpServer.go:96	no such table: roadbiglabeltiles
2020-08-18 22:22:09	ERROR	tileMapServer/httpServer.go:96	no such table: roadbiglabeltiles
2020-08-18 22:22:09	ERROR	tileMapServer/httpServer.go:96	no such table: roadbiglabeltiles
2020-08-18 22:22:09	ERROR	tileMapServer/httpServer.go:96	no such table: roadbiglabeltiles
2020-08-18 22:22:09	ERROR	tileMapServer/httpServer.go:96	no such table: roadbiglabeltiles
2020-08-18 22:22:09	ERROR	tileMapServer/httpServer.go:96	no such table: roadbiglabeltiles
2020-08-18 22:22:09	ERROR	tileMapServer/httpServer.go:96	no such table: roadbiglabeltiles
2020-08-18 22:22:09	ERROR	tileMapServer/httpServer.go:96	no such table: roadbiglabeltiles
2020-08-18 22:22:09	ERROR	tileMapServer/httpServer.go:96	no such table: roadbiglabeltiles
2020-08-18 22:22:09	ERROR	tileMapServer/httpServer.go:96	no such table: roadbiglabeltiles
2020-08-18 22:22:09	ERROR	tileMapServer/httpServer.go:96	no such table: roadbiglabeltiles
2020-08-18 22:22:09	ERROR	tileMapServer/httpServer.go:96	no such table: roadbiglabeltiles
2020-08-18 22:22:09	ERROR	tileMapServer/httpServer.go:96	no such table: roadbiglabeltiles
2020-08-18 22:22:09	ERROR	tileMapServer/httpServer.go:96	no such table: roadbiglabeltiles
2020-08-18 22:22:09	ERROR	tileMapServer/httpServer.go:96	no such table: roadbiglabeltiles
2020-08-18 22:22:09	ERROR	tileMapServer/httpServer.go:96	no such table: roadbiglabeltiles
2020-08-18 22:22:09	ERROR	tileMapServer/httpServer.go:96	no such table: roadbiglabeltiles
2020-08-18 22:22:09	ERROR	tileMapServer/httpServer.go:96	no such table: roadbiglabeltiles
2020-08-18 22:22:09	ERROR	tileMapServer/httpServer.go:96	no such table: roadbiglabeltiles
2020-08-18 22:22:09	ERROR	tileMapServer/httpServer.go:96	no such table: roadbiglabeltiles
2020-08-18 22:22:09	ERROR	tileMapServer/httpServer.go:96	no such table: roadbiglabeltiles
2020-08-18 22:22:09	ERROR	tileMapServer/httpServer.go:96	no such table: roadbiglabeltiles
2020-08-18 22:22:09	ERROR	tileMapServer/httpServer.go:96	no such table: roadbiglabeltiles
2020-08-18 22:22:09	ERROR	tileMapServer/httpServer.go:96	no such table: roadbiglabeltiles
2020-08-18 22:22:09	ERROR	tileMapServer/httpServer.go:96	no such table: roadbiglabeltiles
2020-08-18 22:22:09	ERROR	tileMapServer/httpServer.go:96	no such table: roadbiglabeltiles
2020-08-18 22:22:10	ERROR	tileMapServer/httpServer.go:96	no such table: roadbiglabeltiles
2020-08-18 22:22:10	ERROR	tileMapServer/httpServer.go:96	no such table: roadbiglabeltiles
2020-08-18 22:22:10	ERROR	tileMapServer/httpServer.go:96	no such table: roadbiglabeltiles
2020-08-18 22:22:10	ERROR	tileMapServer/httpServer.go:96	no such table: roadbiglabeltiles
2020-08-18 22:22:10	ERROR	tileMapServer/httpServer.go:96	no such table: roadbiglabeltiles
2020-08-18 22:22:10	ERROR	tileMapServer/httpServer.go:96	no such table: roadbiglabeltiles
2020-08-18 22:22:10	ERROR	tileMapServer/httpServer.go:96	no such table: roadbiglabeltiles
2020-08-18 22:22:10	ERROR	tileMapServer/httpServer.go:96	no such table: roadbiglabeltiles
2020-08-18 22:22:10	ERROR	tileMapServer/httpServer.go:96	no such table: roadbiglabeltiles
2020-08-18 22:22:10	ERROR	tileMapServer/httpServer.go:96	no such table: roadbiglabeltiles
2020-08-18 22:22:10	ERROR	tileMapServer/httpServer.go:96	no such table: roadbiglabeltiles
2020-08-18 22:22:10	ERROR	tileMapServer/httpServer.go:96	no such table: roadbiglabeltiles
2020-08-18 22:22:10	ERROR	tileMapServer/httpServer.go:96	no such table: roadbiglabeltiles
2020-08-18 22:22:10	ERROR	tileMapServer/httpServer.go:96	no such table: roadbiglabeltiles
2020-08-18 22:22:10	ERROR	tileMapServer/httpServer.go:96	no such table: roadbiglabeltiles
2020-08-18 22:24:33	INFO	Server/main.go:28	Run
2020-08-18 22:24:34	INFO	dbMysql/dbMysqlHelper.go:19	mysql ready connect...
2020-08-18 22:24:38	INFO	QDPort/tcpServer.go:34	新Tcp连接 ==》 192.168.10.225:11561
2020-08-18 22:24:38	ERROR	tileMapServer/httpServer.go:96	no such table: roadbiglabeltiles
2020-08-18 22:24:39	ERROR	tileMapServer/httpServer.go:96	no such table: roadbiglabeltiles
2020-08-18 22:24:39	ERROR	tileMapServer/httpServer.go:96	no such table: roadbiglabeltiles
2020-08-18 22:24:39	ERROR	tileMapServer/httpServer.go:96	no such table: roadbiglabeltiles
2020-08-18 22:24:39	ERROR	tileMapServer/httpServer.go:96	no such table: roadbiglabeltiles
2020-08-18 22:24:39	ERROR	tileMapServer/httpServer.go:96	no such table: roadbiglabeltiles
2020-08-18 22:24:39	ERROR	tileMapServer/httpServer.go:96	no such table: roadbiglabeltiles
2020-08-18 22:24:39	ERROR	tileMapServer/httpServer.go:96	no such table: roadbiglabeltiles
2020-08-18 22:24:39	ERROR	tileMapServer/httpServer.go:96	no such table: roadbiglabeltiles
2020-08-18 22:24:39	ERROR	tileMapServer/httpServer.go:96	no such table: roadbiglabeltiles
2020-08-18 22:24:39	ERROR	tileMapServer/httpServer.go:96	no such table: roadbiglabeltiles
2020-08-18 22:24:39	ERROR	tileMapServer/httpServer.go:96	no such table: roadbiglabeltiles
2020-08-18 22:24:39	ERROR	tileMapServer/httpServer.go:96	no such table: roadbiglabeltiles
2020-08-18 22:24:39	ERROR	tileMapServer/httpServer.go:96	no such table: roadbiglabeltiles
2020-08-18 22:24:39	ERROR	tileMapServer/httpServer.go:96	no such table: roadbiglabeltiles
2020-08-18 22:24:40	ERROR	tileMapServer/httpServer.go:96	no such table: roadbiglabeltiles
2020-08-18 22:24:40	ERROR	tileMapServer/httpServer.go:96	no such table: roadbiglabeltiles
2020-08-18 22:24:40	ERROR	tileMapServer/httpServer.go:96	no such table: roadbiglabeltiles
2020-08-18 22:24:40	ERROR	tileMapServer/httpServer.go:96	no such table: roadbiglabeltiles
2020-08-18 22:24:40	ERROR	tileMapServer/httpServer.go:96	no such table: roadbiglabeltiles
2020-08-18 22:24:40	ERROR	tileMapServer/httpServer.go:96	no such table: roadbiglabeltiles
2020-08-18 22:24:40	ERROR	tileMapServer/httpServer.go:96	no such table: roadbiglabeltiles
2020-08-18 22:24:40	ERROR	tileMapServer/httpServer.go:96	no such table: roadbiglabeltiles
2020-08-18 22:24:40	ERROR	tileMapServer/httpServer.go:96	no such table: roadbiglabeltiles
2020-08-18 22:24:40	ERROR	tileMapServer/httpServer.go:96	no such table: roadbiglabeltiles
2020-08-18 22:24:40	ERROR	tileMapServer/httpServer.go:96	no such table: roadbiglabeltiles
2020-08-18 22:24:40	ERROR	tileMapServer/httpServer.go:96	no such table: roadbiglabeltiles
2020-08-18 22:24:40	ERROR	tileMapServer/httpServer.go:96	no such table: roadbiglabeltiles
2020-08-18 22:24:40	ERROR	tileMapServer/httpServer.go:96	no such table: roadbiglabeltiles
2020-08-18 22:24:40	ERROR	tileMapServer/httpServer.go:96	no such table: roadbiglabeltiles
2020-08-18 22:24:40	ERROR	tileMapServer/httpServer.go:96	no such table: roadbiglabeltiles
2020-08-18 22:24:40	ERROR	tileMapServer/httpServer.go:96	no such table: roadbiglabeltiles
2020-08-18 22:24:40	ERROR	tileMapServer/httpServer.go:96	no such table: roadbiglabeltiles
2020-08-18 22:24:40	ERROR	tileMapServer/httpServer.go:96	no such table: roadbiglabeltiles
2020-08-18 22:24:40	ERROR	tileMapServer/httpServer.go:96	no such table: roadbiglabeltiles
2020-08-18 22:24:40	ERROR	tileMapServer/httpServer.go:96	no such table: roadbiglabeltiles
2020-08-18 22:24:40	ERROR	tileMapServer/httpServer.go:96	no such table: roadbiglabeltiles
2020-08-18 22:24:40	ERROR	tileMapServer/httpServer.go:96	no such table: roadbiglabeltiles
2020-08-18 22:24:40	ERROR	tileMapServer/httpServer.go:96	no such table: roadbiglabeltiles
2020-08-18 22:24:40	ERROR	tileMapServer/httpServer.go:96	no such table: roadbiglabeltiles
2020-08-18 22:24:41	ERROR	tileMapServer/httpServer.go:96	no such table: roadbiglabeltiles
2020-08-18 22:24:41	ERROR	tileMapServer/httpServer.go:96	no such table: roadbiglabeltiles
2020-08-18 22:32:20	INFO	Server/main.go:28	Run
2020-08-18 22:32:20	INFO	dbMysql/dbMysqlHelper.go:19	mysql ready connect...
2020-08-18 22:32:43	INFO	QDPort/tcpServer.go:34	新Tcp连接 ==》 192.168.10.225:13179
2020-08-18 22:33:27	WARN	QDPort/tcpServer.go:66	EOF
2020-08-18 22:33:27	WARN	QDPort/tcpServer.go:55	close tcp connect :192.168.10.225:13179
2020-08-18 22:33:29	INFO	QDPort/tcpServer.go:34	新Tcp连接 ==》 192.168.10.225:13315
2020-08-18 22:35:23	WARN	QDPort/tcpServer.go:66	EOF
2020-08-18 22:35:23	WARN	QDPort/tcpServer.go:55	close tcp connect :192.168.10.225:13315
2020-08-18 22:35:25	INFO	QDPort/tcpServer.go:34	新Tcp连接 ==》 192.168.10.225:13677
2020-08-18 22:38:17	INFO	QDPort/tcpServer.go:34	新Tcp连接 ==》 192.168.10.225:14196
2020-08-18 22:40:32	WARN	QDPort/tcpServer.go:66	EOF
2020-08-18 22:40:32	WARN	QDPort/tcpServer.go:55	close tcp connect :192.168.10.225:14196
2020-08-18 22:40:39	WARN	QDPort/tcpServer.go:66	EOF
2020-08-18 22:40:39	WARN	QDPort/tcpServer.go:55	close tcp connect :192.168.10.225:13677
2020-08-18 22:40:41	INFO	QDPort/tcpServer.go:34	新Tcp连接 ==》 192.168.10.225:14670
2020-08-18 23:04:02	INFO	Server/main.go:28	Run
2020-08-18 23:04:02	INFO	dbMysql/dbMysqlHelper.go:19	mysql ready connect...
2020-08-18 23:04:19	INFO	QDPort/tcpServer.go:34	新Tcp连接 ==》 192.168.10.225:1202
2020-08-18 23:06:48	INFO	Server/main.go:28	Run
2020-08-18 23:06:48	INFO	dbMysql/dbMysqlHelper.go:19	mysql ready connect...
2020-08-18 23:06:58	INFO	QDPort/tcpServer.go:34	新Tcp连接 ==》 192.168.10.225:1998
2020-08-18 23:13:22	INFO	Server/main.go:28	Run
2020-08-18 23:13:22	INFO	dbMysql/dbMysqlHelper.go:19	mysql ready connect...
2020-08-18 23:13:30	INFO	QDPort/tcpServer.go:34	新Tcp连接 ==》 192.168.10.225:3209
